  Camera.cpp
D:\учеба\ComputerGraficLab9\Camera.cpp(35,10): warning C4244: =: преобразование "double" в "float", возможна потеря данных
D:\учеба\ComputerGraficLab9\Camera.cpp(48,10): warning C4244: =: преобразование "double" в "float", возможна потеря данных
D:\учеба\ComputerGraficLab9\Camera.cpp(61,10): warning C4244: =: преобразование "double" в "float", возможна потеря данных
  data.cpp
  display.cpp
  GameObject.cpp
D:\учеба\ComputerGraficLab9\GameObject.cpp(41,70): warning C4244: аргумент: преобразование "float" в "int", возможна потеря данных
D:\учеба\ComputerGraficLab9\GameObject.cpp(41,26): warning C4244: аргумент: преобразование "float" в "int", возможна потеря данных
  GameObjectFactory.cpp
D:\учеба\ComputerGraficLab9\GameObjectFactory.cpp(44,100): warning C4244: аргумент: преобразование "double" в "float", возможна потеря данных
  GraphicObject.cpp
  Light.cpp
  main.cpp
D:\учеба\ComputerGraficLab9\main.cpp(7,6): warning C4326: возвращаемый тип "main" должен быть "int", а не "void"
  Mesh.cpp
  PhongMaterial.cpp
  simulation.cpp
D:\учеба\ComputerGraficLab9\simulation.cpp(8,12): warning C4244: инициализация: преобразование "__int64" в "float", возможна потеря данных
D:\учеба\ComputerGraficLab9\simulation.cpp(14,25): warning C4244: инициализация: преобразование "LONGLONG" в "double", возможна потеря данных
D:\учеба\ComputerGraficLab9\simulation.cpp(15,10): warning C4244: инициализация: преобразование "float" в "int", возможна потеря данных
D:\учеба\ComputerGraficLab9\simulation.cpp(23,24): warning C4244: =: преобразование "LONGLONG" в "double", возможна потеря данных
D:\учеба\ComputerGraficLab9\simulation.cpp(24,19): warning C4244: аргумент: преобразование "double" в "float", возможна потеря данных
D:\учеба\ComputerGraficLab9\simulation.cpp(25,24): warning C4244: аргумент: преобразование "double" в "float", возможна потеря данных
  Создание кода...
  ComputerGraficLab9.vcxproj -> D:\учеба\ComputerGraficLab9\Debug\ComputerGraficLab9.exe
